2025-07-01 16:38:02,610 - semgrep.notifications - WARNING - METRICS: Using configs from the Registry (like --config=p/ci) reports pseudonymous rule metrics to semgrep.dev.
To disable Registry rule metrics, use "--metrics=off".
Using configs only from local files (like --config=xyz.yml) does not enable metrics.

More information: https://semgrep.dev/docs/metrics

2025-07-01 16:38:02,612 - semgrep.run_scan - DEBUG - semgrep version 1.4.0
2025-07-01 16:38:02,618 - semgrep.git - DEBUG - Failed to get project url from 'git ls-remote': Command failed with exit code: 128
-----
Command failed with output:
fatal: No remote configured to list refs from.


Failed to run 'git ls-remote --get-url'. Possible reasons:

- the git binary is not available
- the current working directory is not a git repository
- the baseline commit is not a parent of the current commit
    (if you are running through semgrep-app, check if you are setting `SEMGREP_BRANCH` or `SEMGREP_BASELINE_COMMIT` properly)
- the current working directory is not marked as safe
    (fix with `git config --global --add safe.directory $(pwd)`)

Try running the command yourself to debug the issue.
2025-07-01 16:38:02,619 - semgrep.config_resolver - DEBUG - Loading local config from /home/runner/workspace/.config/.semgrep/semgrep_rules.json
2025-07-01 16:38:02,622 - semgrep.config_resolver - DEBUG - Done loading local config from /home/runner/workspace/.config/.semgrep/semgrep_rules.json
2025-07-01 16:38:02,627 - semgrep.config_resolver - DEBUG - Saving rules to /tmp/semgrep-yb09nn8n.rules
2025-07-01 16:38:04,323 - semgrep.rule_lang - DEBUG - semgrep-core validation response: valid=True
2025-07-01 16:38:04,323 - semgrep.rule_lang - DEBUG - semgrep-core validation succeeded
2025-07-01 16:38:04,323 - semgrep.rule_lang - DEBUG - RPC validation succeeded
2025-07-01 16:38:04,324 - semgrep.config_resolver - DEBUG - loaded 1 configs in 1.7049338817596436
2025-07-01 16:38:04,530 - semgrep.run_scan - VERBOSE - running 715 rules from 1 config /home/runner/workspace/.config/.semgrep/semgrep_rules.json_0
2025-07-01 16:38:04,530 - semgrep.run_scan - VERBOSE - No .semgrepignore found. Using default .semgrepignore rules. See the docs for the list of default ignores: https://semgrep.dev/docs/cli-usage/#ignore-files
2025-07-01 16:38:04,532 - semgrep.run_scan - VERBOSE - Rules:
2025-07-01 16:38:04,532 - semgrep.run_scan - VERBOSE - <SKIPPED DATA (too many entries; use --max-log-list-entries)>
2025-07-01 16:38:05,809 - semgrep.core_runner - DEBUG - Passing whole rules directly to semgrep_core
2025-07-01 16:38:06,120 - semgrep.core_runner - DEBUG - Running Semgrep engine with command:
2025-07-01 16:38:06,121 - semgrep.core_runner - DEBUG - /tmp/_MEIrgL4ot/semgrep/bin/opengrep-core -json -rules /tmp/tmpb4u7abn3.json -j 8 -targets /tmp/tmpgpn2qd6s -timeout 5 -timeout_threshold 3 -max_memory 0 -fast
2025-07-01 16:38:16,884 - semgrep.core_runner - DEBUG - --- semgrep-core stderr ---
[00.12][[34mINFO[0m]: Executed as: /tmp/_MEIrgL4ot/semgrep/bin/opengrep-core -json -rules /tmp/tmpb4u7abn3.json -j 8 -targets /tmp/tmpgpn2qd6s -timeout 5 -timeout_threshold 3 -max_memory 0 -fast
[00.12][[34mINFO[0m]: Version: 1.4.0
[00.12][[34mINFO[0m]: Parsing rules in /tmp/tmpb4u7abn3.json
[00.56][[34mINFO[0m]: scan: processing 257 files (skipping 0), with 457 rules (skipping 0 )
[05.68][[33mWARNING[0m]: Fixpoint timeout while performing taint analysis [rule: config..semgrep.vendored-rules.javascript.express.security.injection.raw-html-format file: client/src/pages/admin.tsx func: AdminPage:11035]
[0m[07.17][[33mWARNING[0m]: Fixpoint timeout while performing taint analysis [rule: config..semgrep.vendored-rules.typescript.react.security.audit.react-href-var file: client/src/components/navbar.tsx func: Navbar:20737]
[0m--- end semgrep-core stderr ---
2025-07-01 16:38:16,893 - semgrep.rule_match - DEBUG - match_key = ('', PosixPath('client/index.html'), 'config..semgrep.vendored-rules.html.security.audit.missing-integrity') match_id = 0ee74fd49637bebe183eca7188dbde26e386314e62cc2e7ba1ee60b377b638243fcd84e6c6fa04886198ccacfa6a711bfbcc61a28f9ddc913d5b3c53083cbc90_0
2025-07-01 16:38:16,894 - semgrep.rule_match - DEBUG - match_key = (' type="text/javascript" src="https://replit.com/public/js/replit-dev-banner.js" (?is).*integrity= (google-analytics\\.com|fonts\\.googleapis\\.com|fonts\\.gstatic\\.com|googletagmanager\\.com) .*rel\\s*=\\s*[\'"]?preconnect.* href="... :// ..." href="//..." href=\'... :// ...\' href=\'//...\' src="... :// ..." src="//..." src=\'... :// ...\' src=\'//...\' <link  type="text/javascript" src="https://replit.com/public/js/replit-dev-banner.js" > <script  type="text/javascript" src="https://replit.com/public/js/replit-dev-banner.js" >...</script>', PosixPath('client/index.html'), 'config..semgrep.vendored-rules.html.security.audit.missing-integrity') match_id = 0728b64e224596592d04447ba8a642ff94e1fb9fcc07be26d49dc7e7f6898e638ad16ffcaca086932c58f4c6400fe32603323afef02cf9bfebcb0e4a53562a40_0
2025-07-01 16:38:16,895 - semgrep.rule_match - DEBUG - match_key = (' type="text/javascript" src="https://replit.com/public/js/replit-dev-banner.js" (?is).*integrity= (google-analytics\\.com|fonts\\.googleapis\\.com|fonts\\.gstatic\\.com|googletagmanager\\.com) .*rel\\s*=\\s*[\'"]?preconnect.* href="... :// ..." href="//..." href=\'... :// ...\' href=\'//...\' src="... :// ..." src="//..." src=\'... :// ...\' src=\'//...\' <link  type="text/javascript" src="https://replit.com/public/js/replit-dev-banner.js" > <script  type="text/javascript" src="https://replit.com/public/js/replit-dev-banner.js" >...</script>', PosixPath('client/index.html'), 'config..semgrep.vendored-rules.html.security.audit.missing-integrity') match_id = 0728b64e224596592d04447ba8a642ff94e1fb9fcc07be26d49dc7e7f6898e638ad16ffcaca086932c58f4c6400fe32603323afef02cf9bfebcb0e4a53562a40_0
2025-07-01 16:38:16,896 - semgrep.rule_match - DEBUG - match_key = (' type="text/javascript" src="https://replit.com/public/js/replit-dev-banner.js" (?is).*integrity= (google-analytics\\.com|fonts\\.googleapis\\.com|fonts\\.gstatic\\.com|googletagmanager\\.com) .*rel\\s*=\\s*[\'"]?preconnect.* href="... :// ..." href="//..." href=\'... :// ...\' href=\'//...\' src="... :// ..." src="//..." src=\'... :// ...\' src=\'//...\' <link  type="text/javascript" src="https://replit.com/public/js/replit-dev-banner.js" > <script  type="text/javascript" src="https://replit.com/public/js/replit-dev-banner.js" >...</script>', PosixPath('client/index.html'), 'config..semgrep.vendored-rules.html.security.audit.missing-integrity') match_id = 0728b64e224596592d04447ba8a642ff94e1fb9fcc07be26d49dc7e7f6898e638ad16ffcaca086932c58f4c6400fe32603323afef02cf9bfebcb0e4a53562a40_0
2025-07-01 16:38:16,898 - semgrep.core_runner - DEBUG - semgrep ran in 0:00:11.089349 on 87 files
2025-07-01 16:38:16,900 - semgrep.core_runner - DEBUG - findings summary: 1 warning, 0 error, 0 info
2025-07-01 16:38:16,904 - semgrep.app.auth - DEBUG - Getting API token from settings file
2025-07-01 16:38:16,904 - semgrep.app.auth - DEBUG - No API token found in settings file
2025-07-01 16:38:17,032 - semgrep.output - VERBOSE - 
========================================
Files skipped:
========================================

  Always skipped by Opengrep:

   • <none>

  Skipped by .gitignore:
  (Disable by passing --no-git-ignore)

   • <all files not listed by `git ls-files` were skipped>

  Skipped by .semgrepignore:
  - https://semgrep.dev/docs/ignoring-files-folders-code/#understand-semgrep-defaults

   • <none>

  Skipped by --include patterns:

   • <none>

  Skipped by --exclude patterns:

   • <none>

  Files skipped due to insufficient read permissions:

   • <none>

  Skipped by limiting to files smaller than 1000000 bytes:
  (Adjust with the --max-target-bytes flag)

   • <none>

  Partially analyzed due to parsing or internal Opengrep errors

   • tailwind.config.ts (1 lines skipped)

2025-07-01 16:38:17,034 - semgrep.output - INFO - Some files were skipped or only partially analyzed.
  Scan was limited to files tracked by git.
  Partially scanned: 1 files only partially analyzed due to parsing or internal Opengrep errors

Ran 438 rules on 87 files: 1 finding.
2025-07-01 16:38:17,035 - semgrep.app.version - DEBUG - Version cache does not exist
2025-07-01 16:38:17,049 - semgrep.metrics - VERBOSE - Not sending pseudonymous metrics since metrics are configured to OFF and registry usage is False
